0 info it worked if it ends with ok
1 verbose cli [ 'c:\\Program Files\\nodejs\\node.exe',
1 verbose cli   'c:\\Program Files\\nodejs\\node_modules\\npm\\bin\\npm-cli.js',
1 verbose cli   'init' ]
2 info using npm@2.5.1
3 info using node@v0.12.1
4 silly package data undefined
5 info init written successfully
6 verbose stack Error: Invalid name: "my server"
6 verbose stack     at ensureValidName (c:\Program Files\nodejs\node_modules\npm\node_modules\normalize-package-data\lib\fixer.js:322:15)
6 verbose stack     at Object.module.exports.fixNameField (c:\Program Files\nodejs\node_modules\npm\node_modules\normalize-package-data\lib\fixer.js:211:5)
6 verbose stack     at c:\Program Files\nodejs\node_modules\npm\node_modules\normalize-package-data\lib\normalize.js:30:38
6 verbose stack     at Array.forEach (native)
6 verbose stack     at normalize (c:\Program Files\nodejs\node_modules\npm\node_modules\normalize-package-data\lib\normalize.js:29:15)
6 verbose stack     at final (c:\Program Files\nodejs\node_modules\npm\node_modules\read-package-json\read-json.js:342:33)
6 verbose stack     at then (c:\Program Files\nodejs\node_modules\npm\node_modules\read-package-json\read-json.js:126:33)
6 verbose stack     at c:\Program Files\nodejs\node_modules\npm\node_modules\read-package-json\read-json.js:316:48
6 verbose stack     at evalmachine.<anonymous>:265:20
6 verbose stack     at OpenReq.Req.done (c:\Program Files\nodejs\node_modules\npm\node_modules\graceful-fs\graceful-fs.js:141:5)
7 verbose cwd D:\selfimpruvment\frontend\StatOnLine\my server
8 error Windows_NT 5.1.2600
9 error argv "c:\\Program Files\\nodejs\\node.exe" "c:\\Program Files\\nodejs\\node_modules\\npm\\bin\\npm-cli.js" "init"
10 error node v0.12.1
11 error npm  v2.5.1
12 error Invalid name: "my server"
13 error If you need help, you may report this error at:
13 error     <http://github.com/npm/npm/issues>
14 verbose exit [ 1, true ]
